Arguments: 
  /usr/bin/node /usr/local/bin/yarn publish

PATH: 
  /usr/local/sbin:/usr/local/bin:/usr/sbin:/usr/bin:/sbin:/bin:/usr/games:/usr/local/games:/snap/bin

Yarn version: 
  1.22.10

Node version: 
  10.19.0

Platform: 
  linux x64

Trace: 
  Error: https://registry.yarnpkg.com/-/user/org.couchdb.user:korizki: The provided password is too short. Please pick a password longer than 10 characters.
      at Request.params.callback [as _callback] (/usr/local/lib/node_modules/yarn/lib/cli.js:66988:18)
      at Request.self.callback (/usr/local/lib/node_modules/yarn/lib/cli.js:140662:22)
      at Request.emit (events.js:198:13)
      at Request.<anonymous> (/usr/local/lib/node_modules/yarn/lib/cli.js:141634:10)
      at Request.emit (events.js:198:13)
      at IncomingMessage.<anonymous> (/usr/local/lib/node_modules/yarn/lib/cli.js:141556:12)
      at Object.onceWrapper (events.js:286:20)
      at IncomingMessage.emit (events.js:203:15)
      at endReadableNT (_stream_readable.js:1145:12)
      at process._tickCallback (internal/process/next_tick.js:63:19)

npm manifest: 
  {
    "name": "halal-bank-mobile",
    "version": "1.0.1",
    "description": "A complete guide to PWAs. Building a simple Instagram clone.",
    "main": "index.js",
    "scripts": {
      "start": "http-server -c-1"
    },
    "keywords": [
      "pwa",
      "progressive",
      "web",
      "app",
      "complete",
      "tutorial"
    ],
    "author": "Maximilian Schwarzmüller",
    "license": "ISC",
    "devDependencies": {
      "http-server": "^0.10.0"
    }
  }

yarn manifest: 
  No manifest

Lockfile: 
  No lockfile
